<?xml version="1.0" encoding="UTF-8"?>
<!-- Generated by org.testng.reporters.JUnitReportReporter -->
<testsuite hostname="DESKTOP-HNPML2O" failures="0" tests="1" name="Module1_Login_Test.SwagLabLoginTest" time="3.376" errors="0" timestamp="2025-02-11T14:35:59 IST" skipped="0">
  <testcase classname="Module1_Login_Test.SwagLabLoginTest" name="TestLogin" time="3.376"/>
  <system-out/>
</testsuite> <!-- Module1_Login_Test.SwagLabLoginTest -->
