<?xml version="1.0" encoding="UTF-8"?>
<!-- Generated by org.testng.reporters.JUnitReportReporter -->
<testsuite hostname="DESKTOP-HNPML2O" failures="0" tests="1" name="Module3.SwagLabOrderTest" time="18.677" errors="0" timestamp="2025-02-10T21:39:58 IST" skipped="0">
  <testcase classname="Module3.SwagLabOrderTest" name="PurchaseAnyProduct" time="18.677"/>
  <system-out/>
</testsuite> <!-- Module3.SwagLabOrderTest -->
