<?xml version="1.0" encoding="UTF-8"?>
<!-- Generated by org.testng.reporters.JUnitReportReporter -->
<testsuite hostname="DESKTOP-HNPML2O" failures="0" tests="4" name="Module2.SwagLabProductTest" time="31.137" errors="0" timestamp="2025-02-10T21:38:43 IST" skipped="0">
  <testcase classname="Module2.SwagLabProductTest" name="verifyProductName" time="8.654"/>
  <system-out/>
  <testcase classname="Module2.SwagLabProductTest" name="verifyProductPrice" time="7.477"/>
  <system-out/>
  <testcase classname="Module2.SwagLabProductTest" name="verifyProductSize" time="7.375"/>
  <system-out/>
  <testcase classname="Module2.SwagLabProductTest" name="verifyProductTotalPrice" time="7.631"/>
  <system-out/>
</testsuite> <!-- Module2.SwagLabProductTest -->
